<?xml version="1.0" encoding="UTF-8"?>
<testsuite xmlns:xsi="http://www.w3.org/2001/XMLSchema-instance" xsi:noNamespaceSchemaLocation="https://maven.apache.org/surefire/maven-surefire-plugin/xsd/surefire-test-report.xsd" name="org.gse.test.LoginTest" time="0.884" tests="4" errors="0" skipped="3" failures="1">
  <properties>
    <property name="java.specification.version" value="18"/>
    <property name="sun.cpu.isalist" value="amd64"/>
    <property name="sun.jnu.encoding" value="Cp1252"/>
    <property name="java.class.path" value="C:\Users\luis.bermudez\Desktop\repositorioMovil\automatizador-movil\target\test-classes;C:\Users\luis.bermudez\Desktop\repositorioMovil\automatizador-movil\target\classes;C:\Users\luis.bermudez\.m2\repository\junit\junit\3.8.1\junit-3.8.1.jar;C:\Users\luis.bermudez\.m2\repository\io\appium\java-client\7.6.0\java-client-7.6.0.jar;C:\Users\luis.bermudez\.m2\repository\org\seleniumhq\selenium\selenium-java\3.141.59\selenium-java-3.141.59.jar;C:\Users\luis.bermudez\.m2\repository\org\seleniumhq\selenium\selenium-chrome-driver\3.141.59\selenium-chrome-driver-3.141.59.jar;C:\Users\luis.bermudez\.m2\repository\org\seleniumhq\selenium\selenium-edge-driver\3.141.59\selenium-edge-driver-3.141.59.jar;C:\Users\luis.bermudez\.m2\repository\org\seleniumhq\selenium\selenium-firefox-driver\3.141.59\selenium-firefox-driver-3.141.59.jar;C:\Users\luis.bermudez\.m2\repository\org\seleniumhq\selenium\selenium-ie-driver\3.141.59\selenium-ie-driver-3.141.59.jar;C:\Users\luis.bermudez\.m2\repository\org\seleniumhq\selenium\selenium-opera-driver\3.141.59\selenium-opera-driver-3.141.59.jar;C:\Users\luis.bermudez\.m2\repository\org\seleniumhq\selenium\selenium-safari-driver\3.141.59\selenium-safari-driver-3.141.59.jar;C:\Users\luis.bermudez\.m2\repository\com\google\code\gson\gson\2.8.8\gson-2.8.8.jar;C:\Users\luis.bermudez\.m2\repository\org\apache\httpcomponents\httpclient\4.5.13\httpclient-4.5.13.jar;C:\Users\luis.bermudez\.m2\repository\org\apache\httpcomponents\httpcore\4.4.13\httpcore-4.4.13.jar;C:\Users\luis.bermudez\.m2\repository\commons-logging\commons-logging\1.2\commons-logging-1.2.jar;C:\Users\luis.bermudez\.m2\repository\cglib\cglib\3.3.0\cglib-3.3.0.jar;C:\Users\luis.bermudez\.m2\repository\org\ow2\asm\asm\7.1\asm-7.1.jar;C:\Users\luis.bermudez\.m2\repository\commons-validator\commons-validator\1.7\commons-validator-1.7.jar;C:\Users\luis.bermudez\.m2\repository\commons-beanutils\commons-beanutils\1.9.4\commons-beanutils-1.9.4.jar;C:\Users\luis.bermudez\.m2\repository\commons-digester\commons-digester\2.1\commons-digester-2.1.jar;C:\Users\luis.bermudez\.m2\repository\commons-collections\commons-collections\3.2.2\commons-collections-3.2.2.jar;C:\Users\luis.bermudez\.m2\repository\org\apache\commons\commons-lang3\3.12.0\commons-lang3-3.12.0.jar;C:\Users\luis.bermudez\.m2\repository\org\springframework\spring-context\5.3.10\spring-context-5.3.10.jar;C:\Users\luis.bermudez\.m2\repository\org\springframework\spring-aop\5.3.10\spring-aop-5.3.10.jar;C:\Users\luis.bermudez\.m2\repository\org\springframework\spring-beans\5.3.10\spring-beans-5.3.10.jar;C:\Users\luis.bermudez\.m2\repository\org\springframework\spring-core\5.3.10\spring-core-5.3.10.jar;C:\Users\luis.bermudez\.m2\repository\org\springframework\spring-jcl\5.3.10\spring-jcl-5.3.10.jar;C:\Users\luis.bermudez\.m2\repository\org\springframework\spring-expression\5.3.10\spring-expression-5.3.10.jar;C:\Users\luis.bermudez\.m2\repository\org\aspectj\aspectjweaver\1.9.7\aspectjweaver-1.9.7.jar;C:\Users\luis.bermudez\.m2\repository\org\testng\testng\7.6.1\testng-7.6.1.jar;C:\Users\luis.bermudez\.m2\repository\com\google\code\findbugs\jsr305\3.0.2\jsr305-3.0.2.jar;C:\Users\luis.bermudez\.m2\repository\com\beust\jcommander\1.82\jcommander-1.82.jar;C:\Users\luis.bermudez\.m2\repository\org\webjars\jquery\3.6.0\jquery-3.6.0.jar;C:\Users\luis.bermudez\.m2\repository\org\slf4j\slf4j-api\1.7.5\slf4j-api-1.7.5.jar;C:\Users\luis.bermudez\.m2\repository\org\slf4j\slf4j-simple\1.6.4\slf4j-simple-1.6.4.jar;C:\Users\luis.bermudez\.m2\repository\org\seleniumhq\selenium\selenium-api\3.141.59\selenium-api-3.141.59.jar;C:\Users\luis.bermudez\.m2\repository\org\seleniumhq\selenium\selenium-support\3.141.59\selenium-support-3.141.59.jar;C:\Users\luis.bermudez\.m2\repository\org\seleniumhq\selenium\selenium-remote-driver\3.141.59\selenium-remote-driver-3.141.59.jar;C:\Users\luis.bermudez\.m2\repository\net\bytebuddy\byte-buddy\1.8.15\byte-buddy-1.8.15.jar;C:\Users\luis.bermudez\.m2\repository\org\apache\commons\commons-exec\1.3\commons-exec-1.3.jar;C:\Users\luis.bermudez\.m2\repository\com\google\guava\guava\25.0-jre\guava-25.0-jre.jar;C:\Users\luis.bermudez\.m2\repository\org\checkerframework\checker-compat-qual\2.0.0\checker-compat-qual-2.0.0.jar;C:\Users\luis.bermudez\.m2\repository\com\google\errorprone\error_prone_annotations\2.1.3\error_prone_annotations-2.1.3.jar;C:\Users\luis.bermudez\.m2\repository\com\google\j2objc\j2objc-annotations\1.1\j2objc-annotations-1.1.jar;C:\Users\luis.bermudez\.m2\repository\org\codehaus\mojo\animal-sniffer-annotations\1.14\animal-sniffer-annotations-1.14.jar;C:\Users\luis.bermudez\.m2\repository\com\squareup\okhttp3\okhttp\3.11.0\okhttp-3.11.0.jar;C:\Users\luis.bermudez\.m2\repository\com\squareup\okio\okio\1.14.0\okio-1.14.0.jar;C:\Users\luis.bermudez\.m2\repository\commons-codec\commons-codec\1.15\commons-codec-1.15.jar;C:\Users\luis.bermudez\.m2\repository\commons-io\commons-io\2.11.0\commons-io-2.11.0.jar;"/>
    <property name="java.vm.vendor" value="Oracle Corporation"/>
    <property name="sun.arch.data.model" value="64"/>
    <property name="user.variant" value=""/>
    <property name="java.vendor.url" value="https://java.oracle.com/"/>
    <property name="user.timezone" value="America/Bogota"/>
    <property name="user.country.format" value="CO"/>
    <property name="os.name" value="Windows 11"/>
    <property name="java.vm.specification.version" value="18"/>
    <property name="user.country" value="US"/>
    <property name="sun.java.launcher" value="SUN_STANDARD"/>
    <property name="sun.boot.library.path" value="C:\Program Files\Java\jdk-18\bin"/>
    <property name="sun.java.command" value="C:\Users\LUIS~1.BER\AppData\Local\Temp\surefire11592192247898953382\surefirebooter8232203799808379752.jar C:\Users\luis.bermudez\AppData\Local\Temp\surefire11592192247898953382 2022-09-15T16-09-43_525-jvmRun1 surefire797070780046217958tmp surefire_011078347542201961609tmp"/>
    <property name="jdk.debug" value="release"/>
    <property name="test" value="org.gse.test.LoginTest#viewNotificacions"/>
    <property name="surefire.test.class.path" value="C:\Users\luis.bermudez\Desktop\repositorioMovil\automatizador-movil\target\test-classes;C:\Users\luis.bermudez\Desktop\repositorioMovil\automatizador-movil\target\classes;C:\Users\luis.bermudez\.m2\repository\junit\junit\3.8.1\junit-3.8.1.jar;C:\Users\luis.bermudez\.m2\repository\io\appium\java-client\7.6.0\java-client-7.6.0.jar;C:\Users\luis.bermudez\.m2\repository\org\seleniumhq\selenium\selenium-java\3.141.59\selenium-java-3.141.59.jar;C:\Users\luis.bermudez\.m2\repository\org\seleniumhq\selenium\selenium-chrome-driver\3.141.59\selenium-chrome-driver-3.141.59.jar;C:\Users\luis.bermudez\.m2\repository\org\seleniumhq\selenium\selenium-edge-driver\3.141.59\selenium-edge-driver-3.141.59.jar;C:\Users\luis.bermudez\.m2\repository\org\seleniumhq\selenium\selenium-firefox-driver\3.141.59\selenium-firefox-driver-3.141.59.jar;C:\Users\luis.bermudez\.m2\repository\org\seleniumhq\selenium\selenium-ie-driver\3.141.59\selenium-ie-driver-3.141.59.jar;C:\Users\luis.bermudez\.m2\repository\org\seleniumhq\selenium\selenium-opera-driver\3.141.59\selenium-opera-driver-3.141.59.jar;C:\Users\luis.bermudez\.m2\repository\org\seleniumhq\selenium\selenium-safari-driver\3.141.59\selenium-safari-driver-3.141.59.jar;C:\Users\luis.bermudez\.m2\repository\com\google\code\gson\gson\2.8.8\gson-2.8.8.jar;C:\Users\luis.bermudez\.m2\repository\org\apache\httpcomponents\httpclient\4.5.13\httpclient-4.5.13.jar;C:\Users\luis.bermudez\.m2\repository\org\apache\httpcomponents\httpcore\4.4.13\httpcore-4.4.13.jar;C:\Users\luis.bermudez\.m2\repository\commons-logging\commons-logging\1.2\commons-logging-1.2.jar;C:\Users\luis.bermudez\.m2\repository\cglib\cglib\3.3.0\cglib-3.3.0.jar;C:\Users\luis.bermudez\.m2\repository\org\ow2\asm\asm\7.1\asm-7.1.jar;C:\Users\luis.bermudez\.m2\repository\commons-validator\commons-validator\1.7\commons-validator-1.7.jar;C:\Users\luis.bermudez\.m2\repository\commons-beanutils\commons-beanutils\1.9.4\commons-beanutils-1.9.4.jar;C:\Users\luis.bermudez\.m2\repository\commons-digester\commons-digester\2.1\commons-digester-2.1.jar;C:\Users\luis.bermudez\.m2\repository\commons-collections\commons-collections\3.2.2\commons-collections-3.2.2.jar;C:\Users\luis.bermudez\.m2\repository\org\apache\commons\commons-lang3\3.12.0\commons-lang3-3.12.0.jar;C:\Users\luis.bermudez\.m2\repository\org\springframework\spring-context\5.3.10\spring-context-5.3.10.jar;C:\Users\luis.bermudez\.m2\repository\org\springframework\spring-aop\5.3.10\spring-aop-5.3.10.jar;C:\Users\luis.bermudez\.m2\repository\org\springframework\spring-beans\5.3.10\spring-beans-5.3.10.jar;C:\Users\luis.bermudez\.m2\repository\org\springframework\spring-core\5.3.10\spring-core-5.3.10.jar;C:\Users\luis.bermudez\.m2\repository\org\springframework\spring-jcl\5.3.10\spring-jcl-5.3.10.jar;C:\Users\luis.bermudez\.m2\repository\org\springframework\spring-expression\5.3.10\spring-expression-5.3.10.jar;C:\Users\luis.bermudez\.m2\repository\org\aspectj\aspectjweaver\1.9.7\aspectjweaver-1.9.7.jar;C:\Users\luis.bermudez\.m2\repository\org\testng\testng\7.6.1\testng-7.6.1.jar;C:\Users\luis.bermudez\.m2\repository\com\google\code\findbugs\jsr305\3.0.2\jsr305-3.0.2.jar;C:\Users\luis.bermudez\.m2\repository\com\beust\jcommander\1.82\jcommander-1.82.jar;C:\Users\luis.bermudez\.m2\repository\org\webjars\jquery\3.6.0\jquery-3.6.0.jar;C:\Users\luis.bermudez\.m2\repository\org\slf4j\slf4j-api\1.7.5\slf4j-api-1.7.5.jar;C:\Users\luis.bermudez\.m2\repository\org\slf4j\slf4j-simple\1.6.4\slf4j-simple-1.6.4.jar;C:\Users\luis.bermudez\.m2\repository\org\seleniumhq\selenium\selenium-api\3.141.59\selenium-api-3.141.59.jar;C:\Users\luis.bermudez\.m2\repository\org\seleniumhq\selenium\selenium-support\3.141.59\selenium-support-3.141.59.jar;C:\Users\luis.bermudez\.m2\repository\org\seleniumhq\selenium\selenium-remote-driver\3.141.59\selenium-remote-driver-3.141.59.jar;C:\Users\luis.bermudez\.m2\repository\net\bytebuddy\byte-buddy\1.8.15\byte-buddy-1.8.15.jar;C:\Users\luis.bermudez\.m2\repository\org\apache\commons\commons-exec\1.3\commons-exec-1.3.jar;C:\Users\luis.bermudez\.m2\repository\com\google\guava\guava\25.0-jre\guava-25.0-jre.jar;C:\Users\luis.bermudez\.m2\repository\org\checkerframework\checker-compat-qual\2.0.0\checker-compat-qual-2.0.0.jar;C:\Users\luis.bermudez\.m2\repository\com\google\errorprone\error_prone_annotations\2.1.3\error_prone_annotations-2.1.3.jar;C:\Users\luis.bermudez\.m2\repository\com\google\j2objc\j2objc-annotations\1.1\j2objc-annotations-1.1.jar;C:\Users\luis.bermudez\.m2\repository\org\codehaus\mojo\animal-sniffer-annotations\1.14\animal-sniffer-annotations-1.14.jar;C:\Users\luis.bermudez\.m2\repository\com\squareup\okhttp3\okhttp\3.11.0\okhttp-3.11.0.jar;C:\Users\luis.bermudez\.m2\repository\com\squareup\okio\okio\1.14.0\okio-1.14.0.jar;C:\Users\luis.bermudez\.m2\repository\commons-codec\commons-codec\1.15\commons-codec-1.15.jar;C:\Users\luis.bermudez\.m2\repository\commons-io\commons-io\2.11.0\commons-io-2.11.0.jar;"/>
    <property name="sun.cpu.endian" value="little"/>
    <property name="user.home" value="C:\Users\luis.bermudez"/>
    <property name="user.language" value="en"/>
    <property name="java.specification.vendor" value="Oracle Corporation"/>
    <property name="java.version.date" value="2022-03-22"/>
    <property name="java.home" value="C:\Program Files\Java\jdk-18"/>
    <property name="file.separator" value="\"/>
    <property name="basedir" value="C:\Users\luis.bermudez\Desktop\repositorioMovil\automatizador-movil"/>
    <property name="java.vm.compressedOopsMode" value="Zero based"/>
    <property name="line.separator" value="&#10;"/>
    <property name="java.vm.specification.vendor" value="Oracle Corporation"/>
    <property name="java.specification.name" value="Java Platform API Specification"/>
    <property name="surefire.real.class.path" value="C:\Users\LUIS~1.BER\AppData\Local\Temp\surefire11592192247898953382\surefirebooter8232203799808379752.jar"/>
    <property name="user.script" value=""/>
    <property name="sun.management.compiler" value="HotSpot 64-Bit Tiered Compilers"/>
    <property name="java.runtime.version" value="18+36-2087"/>
    <property name="user.name" value="luis.bermudez"/>
    <property name="path.separator" value=";"/>
    <property name="os.version" value="10.0"/>
    <property name="java.runtime.name" value="Java(TM) SE Runtime Environment"/>
    <property name="file.encoding" value="UTF-8"/>
    <property name="java.vm.name" value="Java HotSpot(TM) 64-Bit Server VM"/>
    <property name="maven.ext.class.path" value="C:\Program Files\NetBeans-14\netbeans\java\maven-nblib\netbeans-eventspy.jar"/>
    <property name="localRepository" value="C:\Users\luis.bermudez\.m2\repository"/>
    <property name="java.vendor.url.bug" value="https://bugreport.java.com/bugreport/"/>
    <property name="java.io.tmpdir" value="C:\Users\LUIS~1.BER\AppData\Local\Temp\"/>
    <property name="java.version" value="18"/>
    <property name="user.dir" value="C:\Users\luis.bermudez\Desktop\repositorioMovil\automatizador-movil"/>
    <property name="os.arch" value="amd64"/>
    <property name="java.vm.specification.name" value="Java Virtual Machine Specification"/>
    <property name="user.language.format" value="es"/>
    <property name="sun.os.patch.level" value=""/>
    <property name="native.encoding" value="Cp1252"/>
    <property name="java.library.path" value="C:\Program Files\Java\jdk-18\bin;C:\WINDOWS\Sun\Java\bin;C:\WINDOWS\system32;C:\WINDOWS;C:\Python310\Scripts\;C:\Python310\;C:\Program Files\Common Files\Oracle\Java\javapath;C:\Program Files (x86)\Common Files\Oracle\Java\javapath;C:\WINDOWS\system32;C:\WINDOWS;C:\WINDOWS\System32\Wbem;C:\WINDOWS\System32\WindowsPowerShell\v1.0\;C:\WINDOWS\System32\OpenSSH\;C:\Program Files\nodejs\;C:\Program Files\Java\jdk-11.0.15.1\bin;C:\Users\luis.bermudez\AppData\Local\Android\Sdk\build-tools;C:\Users\luis.bermudez\AppData\Local\Android\Sdk\platform-tools;C:\Users\luis.bermudez\AppData\Local\Android\Sdk\tools;C:\Program Files\nodejs;C:\Program Files\Git\cmd;C:\Users\luis.bermudez\AppData\Local\Microsoft\WindowsApps;C:\Users\luis.bermudez\AppData\Local\Programs\Microsoft VS Code\bin;C:\Users\luis.bermudez\AppData\Local\Programs\Git\cmd;C:\Users\luis.bermudez\AppData\Roaming\npm;C:\Users\luis.bermudez\AppData\Local\GitHubDesktop\bin;."/>
    <property name="java.vm.info" value="mixed mode, sharing"/>
    <property name="java.vendor" value="Oracle Corporation"/>
    <property name="java.vm.version" value="18+36-2087"/>
    <property name="sun.io.unicode.encoding" value="UnicodeLittle"/>
    <property name="java.class.version" value="62.0"/>
  </properties>
  <testcase name="beforeMethod" classname="org.gse.test.LoginTest" time="0.585">
    <failure type="java.lang.ExceptionInInitializerError">java.lang.ExceptionInInitializerError
	at org.gse.test.LoginTest.beforeMethod(LoginTest.java:23)
Caused by: net.sf.cglib.core.CodeGenerationException: java.lang.reflect.InaccessibleObjectException-->Unable to make protected final java.lang.Class java.lang.ClassLoader.defineClass(java.lang.String,byte[],int,int,java.security.ProtectionDomain) throws java.lang.ClassFormatError accessible: module java.base does not "opens java.lang" to unnamed module @15bfd87
	at org.gse.test.LoginTest.beforeMethod(LoginTest.java:23)
Caused by: java.lang.reflect.InaccessibleObjectException: Unable to make protected final java.lang.Class java.lang.ClassLoader.defineClass(java.lang.String,byte[],int,int,java.security.ProtectionDomain) throws java.lang.ClassFormatError accessible: module java.base does not "opens java.lang" to unnamed module @15bfd87
	at org.gse.test.LoginTest.beforeMethod(LoginTest.java:23)
</failure>
  </testcase>
  <testcase name="viewNotificacions" classname="org.gse.test.LoginTest" time="0">
    <skipped/>
  </testcase>
  <testcase name="afterMethod" classname="org.gse.test.LoginTest" time="0">
    <skipped/>
  </testcase>
  <testcase name="afterClass" classname="org.gse.test.LoginTest" time="0">
    <skipped/>
  </testcase>
</testsuite>